<?xml version="1.0" encoding="UTF-8"?>
<!-- Generated by org.testng.reporters.JUnitReportReporter -->
<testsuite hostname="Abhisheks-Laptop.local" failures="0" tests="1" name="com.mkt.test.amazon.TestCase14_Add_rating_to_ordered_product" time="16.943" errors="0" timestamp="2024-06-03T05:03:43 IST" skipped="0">
  <testcase classname="com.mkt.test.amazon.TestCase14_Add_rating_to_ordered_product" name="search_product_verify_result" time="16.943"/>
  <system-out>
    <![CDATA[clicked on Order & Return button 
4 start rating given  
rating submitted sucessfully 
Test case is passed]]>
  </system-out>
</testsuite> <!-- com.mkt.test.amazon.TestCase14_Add_rating_to_ordered_product -->
