<?xml version="1.0" encoding="UTF-8"?>
<!-- Generated by org.testng.reporters.JUnitReportReporter -->
<testsuite hostname="Abhisheks-Laptop.local" failures="0" tests="1" name="com.mkt.test.amazon.TestCase6_verify_Searched_product_result_In_appearing_In_category_section" time="23.534" errors="0" timestamp="2024-06-08T22:45:50 IST" skipped="0">
  <testcase classname="com.mkt.test.amazon.TestCase6_verify_Searched_product_result_In_appearing_In_category_section" name="search_product_verify_result" time="23.534"/>
  <system-out>
    <![CDATA[price
price
Test case is passed]]>
  </system-out>
</testsuite> <!-- com.mkt.test.amazon.TestCase6_verify_Searched_product_result_In_appearing_In_category_section -->
