<?xml version="1.0" encoding="UTF-8"?>
<!-- Generated by org.testng.reporters.JUnitReportReporter -->
<testsuite hostname="Abhisheks-Laptop.local" failures="0" tests="1" name="com.mkt.test.amazon.TestCase11_verify_selectproduct_addtocart_doPayment_order" time="46.815" errors="0" timestamp="2024-06-08T20:36:57 IST" skipped="0">
  <testcase classname="com.mkt.test.amazon.TestCase11_verify_selectproduct_addtocart_doPayment_order" name="search_product_verify_result" time="46.815"/>
  <system-out>
    <![CDATA[Go to cart button clicked
Porcced to bug button clicked
updated addresss
Cash on delivery
Order reivew available as the per required 
Test case is passed]]>
  </system-out>
</testsuite> <!-- com.mkt.test.amazon.TestCase11_verify_selectproduct_addtocart_doPayment_order -->
