<?xml version="1.0" encoding="UTF-8"?>
<!-- Generated by org.testng.reporters.JUnitReportReporter -->
<testsuite hostname="Abhisheks-Laptop.local" failures="0" tests="1" name="com.mkt.test.amazon.TestCase5_verify_Search_product_using_name_and_check_result" time="12.952" errors="0" timestamp="2024-06-08T20:39:56 IST" skipped="0">
  <testcase classname="com.mkt.test.amazon.TestCase5_verify_Search_product_using_name_and_check_result" name="search_product_verify_result" time="12.952"/>
  <system-out>
    <![CDATA[Test case is passed]]>
  </system-out>
</testsuite> <!-- com.mkt.test.amazon.TestCase5_verify_Search_product_using_name_and_check_result -->
