<?xml version="1.0" encoding="UTF-8"?>
<!-- Generated by org.testng.reporters.JUnitReportReporter -->
<testsuite hostname="Abhisheks-Laptop.local" failures="0" tests="1" name="com.mkt.test.amazon.TestCase9_verify_can_we_add_product_to_cartpage" time="21.840" errors="0" timestamp="2024-06-08T23:10:02 IST" skipped="0">
  <testcase classname="com.mkt.test.amazon.TestCase9_verify_can_we_add_product_to_cartpage" name="search_product_verify_result" time="21.840"/>
  <system-out>
    <![CDATA[Test case is passed]]>
  </system-out>
</testsuite> <!-- com.mkt.test.amazon.TestCase9_verify_can_we_add_product_to_cartpage -->
