<?xml version="1.0" encoding="UTF-8"?>
<!-- Generated by org.testng.reporters.JUnitReportReporter -->
<testsuite hostname="Abhisheks-Laptop.local" failures="0" tests="1" name="com.mkt.test.amazon.TestCase1_Test_New_user_Register" time="7.656" errors="0" timestamp="2024-06-08T20:01:46 IST" skipped="0">
  <testcase classname="com.mkt.test.amazon.TestCase1_Test_New_user_Register" name="Verify_sucessfully_register" time="7.656"/>
  <system-out>
    <![CDATA[Test case is passed]]>
  </system-out>
</testsuite> <!-- com.mkt.test.amazon.TestCase1_Test_New_user_Register -->
