<?xml version="1.0" encoding="UTF-8"?>
<!-- Generated by org.testng.reporters.JUnitReportReporter -->
<testsuite hostname="Abhisheks-Laptop.local" failures="0" tests="1" name="com.mkt.test.amazon.TestCase2_Verify_Login_sucessfully_with_correct_email_Pass" time="11.548" errors="0" timestamp="2024-06-08T20:33:52 IST" skipped="0">
  <testcase classname="com.mkt.test.amazon.TestCase2_Verify_Login_sucessfully_with_correct_email_Pass" name="Login_sucesfully_with_correct_email_Password" time="11.548"/>
  <system-out>
    <![CDATA[Test case is passed]]>
  </system-out>
</testsuite> <!-- com.mkt.test.amazon.TestCase2_Verify_Login_sucessfully_with_correct_email_Pass -->
