<?xml version="1.0" encoding="UTF-8"?>
<!-- Generated by org.testng.reporters.JUnitReportReporter -->
<testsuite hostname="Abhisheks-Laptop.local" failures="0" tests="1" name="com.mkt.test.amazon.TestCase7_verify_selected_product_display_correct_details_product_detailspage" time="18.489" errors="0" timestamp="2024-06-08T23:06:19 IST" skipped="0">
  <testcase classname="com.mkt.test.amazon.TestCase7_verify_selected_product_display_correct_details_product_detailspage" name="search_product_verify_result" time="18.489"/>
  <system-out>
    <![CDATA[Test case is passed]]>
  </system-out>
</testsuite> <!-- com.mkt.test.amazon.TestCase7_verify_selected_product_display_correct_details_product_detailspage -->
