<?xml version="1.0" encoding="UTF-8"?>
<!-- Generated by org.testng.reporters.JUnitReportReporter -->
<testsuite hostname="Abhisheks-Laptop.local" failures="0" tests="1" name="com.mkt.test.amazon.TestCase1_Login_amazon_to_cart" time="57.941" errors="0" timestamp="2024-05-27T10:15:13 IST" skipped="0">
  <testcase classname="com.mkt.test.amazon.TestCase1_Login_amazon_to_cart" name="login_to_amazon_till_cart" time="57.941"/>
</testsuite> <!-- com.mkt.test.amazon.TestCase1_Login_amazon_to_cart -->
