<?xml version="1.0" encoding="UTF-8"?>
<!-- Generated by org.testng.reporters.JUnitReportReporter -->
<testsuite hostname="Abhisheks-Laptop.local" failures="0" tests="1" name="com.mkt.test.amazon.TestCase3_Verify_incorrect_emailPassword_notAllowed_to_login" time="9.193" errors="0" timestamp="2024-06-08T20:34:50 IST" skipped="0">
  <testcase classname="com.mkt.test.amazon.TestCase3_Verify_incorrect_emailPassword_notAllowed_to_login" name="incorrect_Email_Password_Not_allowed_Login" time="9.193"/>
  <system-out>
    <![CDATA[Test case is passed]]>
  </system-out>
</testsuite> <!-- com.mkt.test.amazon.TestCase3_Verify_incorrect_emailPassword_notAllowed_to_login -->
