<?xml version="1.0" encoding="UTF-8"?>
<!-- Generated by org.testng.reporters.JUnitReportReporter -->
<testsuite hostname="Abhisheks-Laptop.local" failures="0" tests="1" name="com.mkt.test.amazon.TestCase4_Edit_User_Profile_information" time="18.843" errors="0" timestamp="2024-06-08T20:38:07 IST" skipped="0">
  <testcase classname="com.mkt.test.amazon.TestCase4_Edit_User_Profile_information" name="edit_user_profile" time="18.843"/>
  <system-out>
    <![CDATA[Test case is passed]]>
  </system-out>
</testsuite> <!-- com.mkt.test.amazon.TestCase4_Edit_User_Profile_information -->
