<?xml version="1.0" encoding="UTF-8"?>
<!-- Generated by org.testng.reporters.JUnitReportReporter -->
<testsuite hostname="Abhisheks-Laptop.local" failures="0" tests="1" name="com.mkt.test.amazon.TestCase15_verify_without_login_go_till_cart_page" time="14.549" errors="0" timestamp="2024-06-08T19:45:28 IST" skipped="0">
  <testcase classname="com.mkt.test.amazon.TestCase15_verify_without_login_go_till_cart_page" name="without_login_till_amazon_cart_page" time="14.549"/>
  <system-out>
    <![CDATA[Go to cart button clicked
Test case is passed]]>
  </system-out>
</testsuite> <!-- com.mkt.test.amazon.TestCase15_verify_without_login_go_till_cart_page -->
