<?xml version="1.0" encoding="UTF-8"?>
<!-- Generated by org.testng.reporters.JUnitReportReporter -->
<testsuite hostname="Abhisheks-Laptop.local" failures="0" tests="1" name="com.mkt.test.amazon.TestCase12_verify_selected_product_count_camapre_it_cart_product_count" time="24.434" errors="0" timestamp="2024-06-08T23:20:00 IST" skipped="0">
  <testcase classname="com.mkt.test.amazon.TestCase12_verify_selected_product_count_camapre_it_cart_product_count" name="search_product_verify_result" time="24.434"/>
  <system-out>
    <![CDATA[Go to cart button clicked
Porcced to bug button clicked
After adding product count :2
payment_page_cart_count:2
Test case is passed]]>
  </system-out>
</testsuite> <!-- com.mkt.test.amazon.TestCase12_verify_selected_product_count_camapre_it_cart_product_count -->
