<?xml version="1.0" encoding="UTF-8"?>
<!-- Generated by org.testng.reporters.JUnitReportReporter -->
<testsuite hostname="Abhisheks-Laptop.local" failures="0" tests="1" name="com.mkt.test.amazon.TestCase10_verify_add_product_and_remove_product" time="23.375" errors="0" timestamp="2024-06-08T23:13:00 IST" skipped="0">
  <testcase classname="com.mkt.test.amazon.TestCase10_verify_add_product_and_remove_product" name="search_product_verify_result" time="23.375"/>
  <system-out>
    <![CDATA[Go to cart button clicked
deleted product from cart
Test case is passed]]>
  </system-out>
</testsuite> <!-- com.mkt.test.amazon.TestCase10_verify_add_product_and_remove_product -->
