<?xml version="1.0" encoding="UTF-8"?>
<!-- Generated by org.testng.reporters.JUnitReportReporter -->
<testsuite hostname="Abhisheks-Laptop.local" failures="0" tests="1" name="com.mkt.test.amazon.TestCase13_verify_user_is_able_apply_coupn_code_in_payment_page" time="38.838" errors="0" timestamp="2024-06-08T20:03:10 IST" skipped="0">
  <testcase classname="com.mkt.test.amazon.TestCase13_verify_user_is_able_apply_coupn_code_in_payment_page" name="search_product_verify_result" time="38.838"/>
  <system-out>
    <![CDATA[Go to cart button clicked
Porcced to bug button clicked
updated addresss
Cash on delivery
The error message for incorrect coupon code is displayed
Test case is passed]]>
  </system-out>
</testsuite> <!-- com.mkt.test.amazon.TestCase13_verify_user_is_able_apply_coupn_code_in_payment_page -->
